<?xml version="1.0" encoding="UTF-8" ?>
<testsuites>
<testsuite name="isPortBusy" errors="0" tests="3" failures="0" time="0.1" timestamp="2017-02-17T11:23:51">
  <testcase classname="isPortBusy" name="should be defined" time="0.03"></testcase>
  <testcase classname="isPortBusy" name="should execute .then when port is busy" time="0.035"></testcase>
  <testcase classname="isPortBusy" name="should execute .catch when port is free" time="0.033"></testcase>
</testsuite>
</testsuites>